C:\Users\AOS\AppData\Roaming\RackAFX\PlugIns\AOSMiniSynthFinal.lib
C:\Users\AOS\AppData\Roaming\RackAFX\PlugIns\AOSMiniSynthFinal.exp
C:\USERS\AOS\APPDATA\ROAMING\RACKAFX\RACKAFXPROJECTS\AOSMINISYNTHFINAL\VOICE.OBJ
C:\USERS\AOS\APPDATA\ROAMING\RACKAFX\RACKAFXPROJECTS\AOSMINISYNTHFINAL\STEREODELAY.OBJ
C:\USERS\AOS\APPDATA\ROAMING\RACKAFX\RACKAFXPROJECTS\AOSMINISYNTHFINAL\RESPACEECHO.OBJ
C:\USERS\AOS\APPDATA\ROAMING\RACKAFX\RACKAFXPROJECTS\AOSMINISYNTHFINAL\ALGORITHMICOSCILLATOR.OBJ
C:\USERS\AOS\APPDATA\ROAMING\RACKAFX\RACKAFXPROJECTS\AOSMINISYNTHFINAL\DCA.OBJ
C:\USERS\AOS\APPDATA\ROAMING\RACKAFX\RACKAFXPROJECTS\AOSMINISYNTHFINAL\DIODELADDERFILTER.OBJ
C:\USERS\AOS\APPDATA\ROAMING\RACKAFX\RACKAFXPROJECTS\AOSMINISYNTHFINAL\ENVELOPEGENERATOR.OBJ
C:\USERS\AOS\APPDATA\ROAMING\RACKAFX\RACKAFXPROJECTS\AOSMINISYNTHFINAL\LFO.OBJ
C:\USERS\AOS\APPDATA\ROAMING\RACKAFX\RACKAFXPROJECTS\AOSMINISYNTHFINAL\MINISYNTHVOICE.OBJ
C:\USERS\AOS\APPDATA\ROAMING\RACKAFX\RACKAFXPROJECTS\AOSMINISYNTHFINAL\MOOGLADDERFILTER.OBJ
C:\USERS\AOS\APPDATA\ROAMING\RACKAFX\RACKAFXPROJECTS\AOSMINISYNTHFINAL\VAONEPOLEFILTER.OBJ
C:\USERS\AOS\APPDATA\ROAMING\RACKAFX\RACKAFXPROJECTS\AOSMINISYNTHFINAL\MINISYNTH.OBJ
C:\USERS\AOS\APPDATA\ROAMING\RACKAFX\RACKAFXPROJECTS\AOSMINISYNTHFINAL\RACKAFXDLL.OBJ
C:\USERS\AOS\APPDATA\ROAMING\RACKAFX\RACKAFXPROJECTS\AOSMINISYNTHFINAL\PLUGINOBJECTS.OBJ
C:\USERS\AOS\APPDATA\ROAMING\RACKAFX\RACKAFXPROJECTS\AOSMINISYNTHFINAL\PLUGIN.OBJ
C:\USERS\AOS\APPDATA\ROAMING\RACKAFX\RACKAFXPROJECTS\AOSMINISYNTHFINAL\OSCILLATOR.OBJ
C:\USERS\AOS\APPDATA\ROAMING\RACKAFX\RACKAFXPROJECTS\AOSMINISYNTHFINAL\FILTER.OBJ
C:\USERS\AOS\APPDATA\ROAMING\RACKAFX\RACKAFXPROJECTS\AOSMINISYNTHFINAL\DLLMODULE.OBJ
C:\USERS\AOS\APPDATA\ROAMING\RACKAFX\RACKAFXPROJECTS\AOSMINISYNTHFINAL\VC110.PDB
C:\Users\AOS\AppData\Roaming\RackAFX\RackAFXProjects\AOSMiniSynthFinal\AlgorithmicOscillator.obj
C:\Users\AOS\AppData\Roaming\RackAFX\RackAFXProjects\AOSMiniSynthFinal\DCA.obj
C:\Users\AOS\AppData\Roaming\RackAFX\RackAFXProjects\AOSMiniSynthFinal\DiodeLadderFilter.obj
C:\Users\AOS\AppData\Roaming\RackAFX\RackAFXProjects\AOSMiniSynthFinal\DLLModule.obj
C:\Users\AOS\AppData\Roaming\RackAFX\RackAFXProjects\AOSMiniSynthFinal\EnvelopeGenerator.obj
C:\Users\AOS\AppData\Roaming\RackAFX\RackAFXProjects\AOSMiniSynthFinal\Filter.obj
C:\Users\AOS\AppData\Roaming\RackAFX\RackAFXProjects\AOSMiniSynthFinal\LFO.obj
C:\Users\AOS\AppData\Roaming\RackAFX\RackAFXProjects\AOSMiniSynthFinal\MiniSynth.obj
C:\Users\AOS\AppData\Roaming\RackAFX\RackAFXProjects\AOSMiniSynthFinal\MiniSynthVoice.obj
C:\Users\AOS\AppData\Roaming\RackAFX\RackAFXProjects\AOSMiniSynthFinal\MoogLadderFilter.obj
C:\Users\AOS\AppData\Roaming\RackAFX\RackAFXProjects\AOSMiniSynthFinal\Oscillator.obj
C:\Users\AOS\AppData\Roaming\RackAFX\RackAFXProjects\AOSMiniSynthFinal\plugin.obj
C:\Users\AOS\AppData\Roaming\RackAFX\RackAFXProjects\AOSMiniSynthFinal\pluginobjects.obj
C:\Users\AOS\AppData\Roaming\RackAFX\RackAFXProjects\AOSMiniSynthFinal\RackAFXDLL.obj
C:\Users\AOS\AppData\Roaming\RackAFX\RackAFXProjects\AOSMiniSynthFinal\RESpaceEcho.obj
C:\Users\AOS\AppData\Roaming\RackAFX\RackAFXProjects\AOSMiniSynthFinal\StereoDelay.obj
C:\Users\AOS\AppData\Roaming\RackAFX\RackAFXProjects\AOSMiniSynthFinal\VAOnePoleFilter.obj
C:\Users\AOS\AppData\Roaming\RackAFX\RackAFXProjects\AOSMiniSynthFinal\Voice.obj
C:\Users\AOS\AppData\Roaming\RackAFX\RackAFXProjects\AOSMiniSynthFinal\AOSMiniSynthFinal.write.1.tlog
C:\Users\AOS\AppData\Roaming\RackAFX\RackAFXProjects\AOSMiniSynthFinal\cl.command.1.tlog
C:\Users\AOS\AppData\Roaming\RackAFX\RackAFXProjects\AOSMiniSynthFinal\CL.read.1.tlog
C:\Users\AOS\AppData\Roaming\RackAFX\RackAFXProjects\AOSMiniSynthFinal\CL.write.1.tlog
C:\Users\AOS\AppData\Roaming\RackAFX\RackAFXProjects\AOSMiniSynthFinal\link-cvtres.read.1.tlog
C:\Users\AOS\AppData\Roaming\RackAFX\RackAFXProjects\AOSMiniSynthFinal\link-cvtres.write.1.tlog
C:\Users\AOS\AppData\Roaming\RackAFX\RackAFXProjects\AOSMiniSynthFinal\link-rc.read.1.tlog
C:\Users\AOS\AppData\Roaming\RackAFX\RackAFXProjects\AOSMiniSynthFinal\link-rc.write.1.tlog
C:\Users\AOS\AppData\Roaming\RackAFX\RackAFXProjects\AOSMiniSynthFinal\link.command.1.tlog
C:\Users\AOS\AppData\Roaming\RackAFX\RackAFXProjects\AOSMiniSynthFinal\link.read.1.tlog
C:\Users\AOS\AppData\Roaming\RackAFX\RackAFXProjects\AOSMiniSynthFinal\link.write.1.tlog
C:\Users\AOS\AppData\Roaming\RackAFX\PlugIns\AOSMiniSynthFinal.dll
